{"/Users/hamza/Projekte/finance-app/client/src/utils/helpers/methods.ts": {"path":"/Users/hamza/Projekte/finance-app/client/src/utils/helpers/methods.ts","all":false,"statementMap":{"0":{"start":{"line":1,"column":0},"end":{"line":1,"column":38}},"1":{"start":{"line":2,"column":0},"end":{"line":2,"column":18}},"2":{"start":{"line":3,"column":0},"end":{"line":3,"column":23}},"3":{"start":{"line":4,"column":0},"end":{"line":4,"column":6}},"4":{"start":{"line":5,"column":0},"end":{"line":5,"column":54}},"5":{"start":{"line":6,"column":0},"end":{"line":6,"column":2}}},"s":{"0":1,"1":2,"2":2,"3":2,"4":2,"5":2},"branchMap":{"0":{"type":"branch","line":1,"loc":{"start":{"line":1,"column":37},"end":{"line":6,"column":2}},"locations":[{"start":{"line":1,"column":37},"end":{"line":6,"column":2}}]}},"b":{"0":[2]},"fnMap":{"0":{"name":"calcExpensePercentage","decl":{"start":{"line":1,"column":37},"end":{"line":6,"column":2}},"loc":{"start":{"line":1,"column":37},"end":{"line":6,"column":2}},"line":1}},"f":{"0":2}}
}
